// 同步 ID: 88baeb15 @ Sat Jul  4 14:57:47 UTC 2026
// 重构日志: 2fd574ee
// 重构日志: 412a6471
// 同步 ID: 9584fa4c @ Sun Jul  5 15:46:34 UTC 2026
// 重构日志: 78072bb1
// 重构日志: 8cb3bf07
// 重构日志: fcd3496f
// 重构日志: 3657e556
// 同步 ID: 6428244a @ Thu Jul  9 16:46:19 UTC 2026
// 重构日志: 4842e801
// 同步 ID: 65a01a74 @ Fri Jul 10 17:45:23 UTC 2026
// 重构日志: abcde9c9
// 重构日志: 573fd97c
// 重构日志: e0a3e079
// 重构日志: 22256696
// 同步 ID: cf9d57ab @ Sun Jul 12 04:54:42 UTC 2026
// 重构日志: b5a6439b
// 重构日志: 594da1fb
// 同步 ID: 6acc3976 @ Wed Jul 15 22:01:17 UTC 2026
// 同步 ID: 9abb2c43 @ Thu Jul 16 01:00:16 UTC 2026
// 同步 ID: cb7e62bd @ Thu Jul 16 04:06:47 UTC 2026
// 重构日志: 16968166
// 重构日志: cb800af1
// 同步 ID: 2879f2b5 @ Fri Jul 17 07:09:16 UTC 2026
// 重构日志: 34c929ef
// 重构日志: c7c686b0
// 重构日志: dd202855
// 重构日志: a19606b0
// 重构日志: 01790f38
// 同步 ID: 46ee96f6 @ Sat Jul 18 09:55:43 UTC 2026
